<?xml version="1.0" encoding="UTF-8"?>
<!-- Generated by org.testng.reporters.JUnitXMLReporter -->
<testsuite hostname="DESKTOP-0UI18AQ" name="Default test" tests="1" failures="0" timestamp="19 Aug 2020 03:17:28 GMT" time="21.907" errors="0">
  <testcase name="@BeforeClass setup" time="0.0" classname="com.tests.HomePage_Test">
    <failure type="java.lang.AssertionError" message="Found 10 accessibility violations:
1) Certain ARIA roles must be contained by particular parents: https://dequeuniversity.com/rules/axe/4.0/aria-required-parent?application=axeAPI
  a) [&amp;quot;#elementor-tab-title-9801&amp;quot;]
    Fix any of the following:
      Required ARIA parent role not present: tablist


  b) [&amp;quot;#elementor-tab-title-9802&amp;quot;]
    Fix any of the following:
      Required ARIA parent role not present: tablist


  c) [&amp;quot;#elementor-tab-title-9803&amp;quot;]
    Fix any of the following:
      Required ARIA parent role not present: tablist


  d) [&amp;quot;#elementor-tab-title-9804&amp;quot;]
    Fix any of the following:
      Required ARIA parent role not present: tablist


  e) [&amp;quot;#elementor-tab-title-9805&amp;quot;]
    Fix any of the following:
      Required ARIA parent role not present: tablist


2) Elements must have sufficient color contrast: https://dequeuniversity.com/rules/axe/4.0/color-contrast?application=axeAPI
  a) [&amp;quot;.elementor-element-4b451ee &amp;gt; .elementor-widget-container &amp;gt; .elementor-text-editor.elementor-clearfix &amp;gt; p&amp;quot;]
    Fix any of the following:
      Element has insufficient color contrast of 4.4 (foreground color: #b5b5b5, background color: #3f4a56, font size: 6.8pt (9px), font weight: normal). Expected contrast ratio of 4.5:1


  b) [&amp;quot;a[href=\&amp;quot;tel\\:41216331960\&amp;quot;] &amp;gt; span&amp;quot;]
    Fix any of the following:
      Element has insufficient color contrast of 4.4 (foreground color: #b5b5b5, background color: #3f4a56, font size: 8.3pt (11px), font weight: normal). Expected contrast ratio of 4.5:1


  c) [&amp;quot;.elementor-element-268866f &amp;gt; .elementor-widget-container &amp;gt; .elementor-text-editor.elementor-clearfix &amp;gt; p&amp;quot;]
    Fix any of the following:
      Element has insufficient color contrast of 4.4 (foreground color: #b5b5b5, background color: #3f4a56, font size: 6.8pt (9px), font weight: normal). Expected contrast ratio of 4.5:1


  d) [&amp;quot;a[href=\&amp;quot;tel\\:18007202751\&amp;quot;] &amp;gt; span&amp;quot;]
    Fix any of the following:
      Element has insufficient color contrast of 4.4 (foreground color: #b5b5b5, background color: #3f4a56, font size: 8.3pt (11px), font weight: normal). Expected contrast ratio of 4.5:1


  e) [&amp;quot;a[href=\&amp;quot;tel\\:15143958999\&amp;quot;] &amp;gt; span&amp;quot;]
    Fix any of the following:
      Element has insufficient color contrast of 4.4 (foreground color: #b5b5b5, background color: #3f4a56, font size: 8.3pt (11px), font weight: normal). Expected contrast ratio of 4.5:1


  f) [&amp;quot;.elementor-element-d484337 &amp;gt; .elementor-widget-container &amp;gt; .elementor-text-editor.elementor-clearfix &amp;gt; p&amp;quot;]
    Fix any of the following:
      Element has insufficient color contrast of 4.4 (foreground color: #b5b5b5, background color: #3f4a56, font size: 6.8pt (9px), font weight: normal). Expected contrast ratio of 4.5:1


  g) [&amp;quot;a[href=\&amp;quot;tel\\:541152353919\&amp;quot;] &amp;gt; span&amp;quot;]
    Fix any of the following:
      Element has insufficient color contrast of 4.4 (foreground color: #b5b5b5, background color: #3f4a56, font size: 8.3pt (11px), font weight: normal). Expected contrast ratio of 4.5:1


  h) [&amp;quot;.elementor-element-246285a &amp;gt; .elementor-widget-container &amp;gt; .elementor-text-editor.elementor-clearfix &amp;gt; p&amp;quot;]
    Fix any of the following:
      Element has insufficient color contrast of 4.4 (foreground color: #b5b5b5, background color: #3f4a56, font size: 6.8pt (9px), font weight: normal). Expected contrast ratio of 4.5:1


  i) [&amp;quot;a[href=\&amp;quot;tel\\:966555221919\&amp;quot;] &amp;gt; span&amp;quot;]
    Fix any of the following:
      Element has insufficient color contrast of 4.4 (foreground color: #b5b5b5, background color: #3f4a56, font size: 8.3pt (11px), font weight: normal). Expected contrast ratio of 4.5:1


  j) [&amp;quot;a[href=\&amp;quot;tel\\:962796664945\&amp;quot;] &amp;gt; span&amp;quot;]
    Fix any of the following:
      Element has insufficient color contrast of 4.4 (foreground color: #b5b5b5, background color: #3f4a56, font size: 8.3pt (11px), font weight: normal). Expected contrast ratio of 4.5:1


  k) [&amp;quot;.elementor-element-6cd768e &amp;gt; .elementor-widget-container &amp;gt; .elementor-text-editor.elementor-clearfix &amp;gt; p&amp;quot;]
    Fix any of the following:
      Element has insufficient color contrast of 4.4 (foreground color: #b5b5b5, background color: #3f4a56, font size: 6.8pt (9px), font weight: normal). Expected contrast ratio of 4.5:1


  l) [&amp;quot;.elementor-size-small&amp;quot;]
    Fix any of the following:
      Element has insufficient color contrast of 3.05 (foreground color: #92979c, background color: #3f4a56, font size: 6.0pt (8px), font weight: normal). Expected contrast ratio of 4.5:1


3) IDs of active elements must be unique: https://dequeuniversity.com/rules/axe/4.0/duplicate-id-active?application=axeAPI
  a) [&amp;quot;.elementor-sticky--effects &amp;gt; .elementor-column-gap-no.elementor-container &amp;gt; .elementor-row &amp;gt; .elementor-element-80dfe94.elementor-col-100[data-id=\&amp;quot;\\38 0dfe94\&amp;quot;] &amp;gt; .elementor-element-populated.elementor-column-wrap &amp;gt; .elementor-widget-wrap &amp;gt; .elementor-element-e8320e5.elementor-section-content-top[data-id=\&amp;quot;e8320e5\&amp;quot;] &amp;gt; .elementor-column-gap-no.elementor-container &amp;gt; .elementor-row &amp;gt; .elementor-element-75d82a5.elementor-hidden-phone[data-id=\&amp;quot;\\37 5d82a5\&amp;quot;] &amp;gt; .elementor-element-populated.elementor-column-wrap &amp;gt; .elementor-widget-wrap &amp;gt; .elementor-element-7bd160f.elementor-search-form--skin-full_screen.hSearch &amp;gt; .elementor-widget-container &amp;gt; .elementor-search-form[role=\&amp;quot;search\&amp;quot;][action=\&amp;quot;https\\:\\/\\/www\\.navori\\.com\&amp;quot;] &amp;gt; .elementor-search-form__container &amp;gt; a[href=\&amp;quot;javascript\\:void\\(0\\)\&amp;quot;]&amp;quot;]
    Fix any of the following:
      Document has active elements with the same id attribute: backsrcbtnhd


4) IDs used in ARIA and labels must be unique: https://dequeuniversity.com/rules/axe/4.0/duplicate-id-aria?application=axeAPI
  a) [&amp;quot;.elementor-sticky--effects &amp;gt; .elementor-column-gap-no.elementor-container &amp;gt; .elementor-row &amp;gt; .elementor-element-80dfe94.elementor-col-100[data-id=\&amp;quot;\\38 0dfe94\&amp;quot;] &amp;gt; .elementor-element-populated.elementor-column-wrap &amp;gt; .elementor-widget-wrap &amp;gt; .elementor-element-e8320e5.elementor-section-content-top[data-id=\&amp;quot;e8320e5\&amp;quot;] &amp;gt; .elementor-column-gap-no.elementor-container &amp;gt; .elementor-row &amp;gt; .elementor-element-09aeb80.hLogin[data-id=\&amp;quot;\\30 9aeb80\&amp;quot;] &amp;gt; .elementor-element-populated.elementor-column-wrap &amp;gt; .elementor-widget-wrap &amp;gt; .elementor-element-7521b85.elementor-widget-html[data-id=\&amp;quot;\\37 521b85\&amp;quot;] &amp;gt; .elementor-widget-container &amp;gt; .hLogForm &amp;gt; form[method=\&amp;quot;post\&amp;quot;][name=\&amp;quot;hLogin\&amp;quot;] &amp;gt; input[maxlength=\&amp;quot;\\35 0\&amp;quot;][name=\&amp;quot;UID\&amp;quot;][type=\&amp;quot;email\&amp;quot;]&amp;quot;]
    Fix any of the following:
      Document has multiple elements referenced with ARIA with the same id attribute: hLEmail


  b) [&amp;quot;.elementor-sticky--effects &amp;gt; .elementor-column-gap-no.elementor-container &amp;gt; .elementor-row &amp;gt; .elementor-element-80dfe94.elementor-col-100[data-id=\&amp;quot;\\38 0dfe94\&amp;quot;] &amp;gt; .elementor-element-populated.elementor-column-wrap &amp;gt; .elementor-widget-wrap &amp;gt; .elementor-element-e8320e5.elementor-section-content-top[data-id=\&amp;quot;e8320e5\&amp;quot;] &amp;gt; .elementor-column-gap-no.elementor-container &amp;gt; .elementor-row &amp;gt; .elementor-element-09aeb80.hLogin[data-id=\&amp;quot;\\30 9aeb80\&amp;quot;] &amp;gt; .elementor-element-populated.elementor-column-wrap &amp;gt; .elementor-widget-wrap &amp;gt; .elementor-element-7521b85.elementor-widget-html[data-id=\&amp;quot;\\37 521b85\&amp;quot;] &amp;gt; .elementor-widget-container &amp;gt; .hLogForm &amp;gt; form[method=\&amp;quot;post\&amp;quot;][name=\&amp;quot;hLogin\&amp;quot;] &amp;gt; input[maxlength=\&amp;quot;\\31 5\&amp;quot;][name=\&amp;quot;PWD\&amp;quot;][type=\&amp;quot;password\&amp;quot;]&amp;quot;]
    Fix any of the following:
      Document has multiple elements referenced with ARIA with the same id attribute: hLPassword


5) id attribute value must be unique: https://dequeuniversity.com/rules/axe/4.0/duplicate-id?application=axeAPI
  a) [&amp;quot;.elementor-sticky--effects &amp;gt; .elementor-column-gap-no.elementor-container &amp;gt; .elementor-row &amp;gt; .elementor-element-80dfe94.elementor-col-100[data-id=\&amp;quot;\\38 0dfe94\&amp;quot;] &amp;gt; .elementor-element-populated.elementor-column-wrap &amp;gt; .elementor-widget-wrap &amp;gt; .elementor-element-e8320e5.elementor-section-content-top[data-id=\&amp;quot;e8320e5\&amp;quot;] &amp;gt; .elementor-column-gap-no.elementor-container &amp;gt; .elementor-row &amp;gt; .elementor-element-09aeb80.hLogin[data-id=\&amp;quot;\\30 9aeb80\&amp;quot;] &amp;gt; .elementor-element-populated.elementor-column-wrap &amp;gt; .elementor-widget-wrap &amp;gt; .elementor-element-154e00c.elementor-widget-eael-creative-button[data-id=\&amp;quot;\\31 54e00c\&amp;quot;]&amp;quot;]
    Fix any of the following:
      Document has multiple static elements with the same id attribute: hLogBt


  b) [&amp;quot;.elementor-sticky--effects &amp;gt; .elementor-column-gap-no.elementor-container &amp;gt; .elementor-row &amp;gt; .elementor-element-80dfe94.elementor-col-100[data-id=\&amp;quot;\\38 0dfe94\&amp;quot;] &amp;gt; .elementor-element-populated.elementor-column-wrap &amp;gt; .elementor-widget-wrap &amp;gt; .elementor-element-e8320e5.elementor-section-content-top[data-id=\&amp;quot;e8320e5\&amp;quot;] &amp;gt; .elementor-column-gap-no.elementor-container &amp;gt; .elementor-row &amp;gt; .elementor-element-09aeb80.hLogin[data-id=\&amp;quot;\\30 9aeb80\&amp;quot;] &amp;gt; .elementor-element-populated.elementor-column-wrap &amp;gt; .elementor-widget-wrap &amp;gt; .elementor-element-7521b85.elementor-widget-html[data-id=\&amp;quot;\\37 521b85\&amp;quot;] &amp;gt; .elementor-widget-container &amp;gt; .hLogForm&amp;quot;]
    Fix any of the following:
      Document has multiple static elements with the same id attribute: hLogForm


  c) [&amp;quot;.elementor-sticky--effects &amp;gt; .elementor-column-gap-no.elementor-container &amp;gt; .elementor-row &amp;gt; .elementor-element-80dfe94.elementor-col-100[data-id=\&amp;quot;\\38 0dfe94\&amp;quot;] &amp;gt; .elementor-element-populated.elementor-column-wrap &amp;gt; .elementor-widget-wrap &amp;gt; .elementor-element-e8320e5.elementor-section-content-top[data-id=\&amp;quot;e8320e5\&amp;quot;] &amp;gt; .elementor-column-gap-no.elementor-container &amp;gt; .elementor-row &amp;gt; .elementor-element-09aeb80.hLogin[data-id=\&amp;quot;\\30 9aeb80\&amp;quot;] &amp;gt; .elementor-element-populated.elementor-column-wrap &amp;gt; .elementor-widget-wrap &amp;gt; .elementor-element-7521b85.elementor-widget-html[data-id=\&amp;quot;\\37 521b85\&amp;quot;] &amp;gt; .elementor-widget-container &amp;gt; .hLogForm &amp;gt; form[method=\&amp;quot;post\&amp;quot;][name=\&amp;quot;hLogin\&amp;quot;]&amp;quot;]
    Fix any of the following:
      Document has multiple static elements with the same id attribute: hLogin


  d) [&amp;quot;.elementor-sticky--effects &amp;gt; .elementor-column-gap-no.elementor-container &amp;gt; .elementor-row &amp;gt; .elementor-element-80dfe94.elementor-col-100[data-id=\&amp;quot;\\38 0dfe94\&amp;quot;] &amp;gt; .elementor-element-populated.elementor-column-wrap &amp;gt; .elementor-widget-wrap &amp;gt; .elementor-element-e8320e5.elementor-section-content-top[data-id=\&amp;quot;e8320e5\&amp;quot;] &amp;gt; .elementor-column-gap-no.elementor-container &amp;gt; .elementor-row &amp;gt; .elementor-element-75d82a5.elementor-hidden-phone[data-id=\&amp;quot;\\37 5d82a5\&amp;quot;] &amp;gt; .elementor-element-populated.elementor-column-wrap &amp;gt; .elementor-widget-wrap &amp;gt; .elementor-element-7bd160f.elementor-search-form--skin-full_screen.hSearch&amp;quot;]
    Fix any of the following:
      Document has multiple static elements with the same id attribute: headsearch


  e) [&amp;quot;.elementor-sticky--effects &amp;gt; .elementor-column-gap-no.elementor-container &amp;gt; .elementor-row &amp;gt; .elementor-element-80dfe94.elementor-col-100[data-id=\&amp;quot;\\38 0dfe94\&amp;quot;] &amp;gt; .elementor-element-populated.elementor-column-wrap &amp;gt; .elementor-widget-wrap &amp;gt; .elementor-element-95540f1.elementor-nav-menu--stretch.elementor-nav-menu__text-align-center&amp;quot;]
    Fix any of the following:
      Document has multiple static elements with the same id attribute: hNavMenu


  f) [&amp;quot;ul[data-smartmenus-id=\&amp;quot;\\31 59780703551964\&amp;quot;]&amp;quot;]
    Fix any of the following:
      Document has multiple static elements with the same id attribute: menu-1-95540f1


  g) [&amp;quot;ul[data-smartmenus-id=\&amp;quot;\\31 597807035528126\&amp;quot;]&amp;quot;]
    Fix any of the following:
      Document has multiple static elements with the same id attribute: menu-2-95540f1


6) Form elements should have a visible label: https://dequeuniversity.com/rules/axe/4.0/label-title-only?application=axeAPI
  a) [&amp;quot;.elementor-sticky--effects &amp;gt; .elementor-column-gap-no.elementor-container &amp;gt; .elementor-row &amp;gt; .elementor-element-80dfe94.elementor-col-100[data-id=\&amp;quot;\\38 0dfe94\&amp;quot;] &amp;gt; .elementor-element-populated.elementor-column-wrap &amp;gt; .elementor-widget-wrap &amp;gt; .elementor-element-e8320e5.elementor-section-content-top[data-id=\&amp;quot;e8320e5\&amp;quot;] &amp;gt; .elementor-column-gap-no.elementor-container &amp;gt; .elementor-row &amp;gt; .elementor-element-75d82a5.elementor-hidden-phone[data-id=\&amp;quot;\\37 5d82a5\&amp;quot;] &amp;gt; .elementor-element-populated.elementor-column-wrap &amp;gt; .elementor-widget-wrap &amp;gt; .elementor-element-7bd160f.elementor-search-form--skin-full_screen.hSearch &amp;gt; .elementor-widget-container &amp;gt; .elementor-search-form[role=\&amp;quot;search\&amp;quot;][action=\&amp;quot;https\\:\\/\\/www\\.navori\\.com\&amp;quot;] &amp;gt; .elementor-search-form__container &amp;gt; .elementor-search-form__input[placeholder=\&amp;quot;Search\\.\\.\\.\&amp;quot;][type=\&amp;quot;search\&amp;quot;]&amp;quot;]
    Fix all of the following:
      Only title used to generate label for form element


7) Document must have one main landmark: https://dequeuniversity.com/rules/axe/4.0/landmark-one-main?application=axeAPI
  a) [&amp;quot;html&amp;quot;]
    Fix all of the following:
      Document does not have a main landmark


8) Ensures landmarks are unique: https://dequeuniversity.com/rules/axe/4.0/landmark-unique?application=axeAPI
  a) [&amp;quot;.elementor-sticky--effects &amp;gt; .elementor-column-gap-no.elementor-container &amp;gt; .elementor-row &amp;gt; .elementor-element-80dfe94.elementor-col-100[data-id=\&amp;quot;\\38 0dfe94\&amp;quot;] &amp;gt; .elementor-element-populated.elementor-column-wrap &amp;gt; .elementor-widget-wrap &amp;gt; .elementor-element-95540f1.elementor-nav-menu--stretch.elementor-nav-menu__text-align-center &amp;gt; .elementor-widget-container &amp;gt; .e--animation-grow.elementor-nav-menu--main.elementor-nav-menu--layout-horizontal&amp;quot;]
    Fix any of the following:
      The landmark must have a unique aria-label, aria-labelledby, or title to make landmarks distinguishable


  b) [&amp;quot;.elementor-element-a1534e1 &amp;gt; .elementor-widget-container &amp;gt; .n2-section-smartslider.fitvidsignore[role=\&amp;quot;region\&amp;quot;]&amp;quot;]
    Fix any of the following:
      The landmark must have a unique aria-label, aria-labelledby, or title to make landmarks distinguishable


9) All page content must be contained by landmarks: https://dequeuniversity.com/rules/axe/4.0/region?application=axeAPI
  a) [&amp;quot;.elementor-element-7f2bc5cf&amp;quot;]
    Fix any of the following:
      Some page content is not contained by landmarks


  b) [&amp;quot;.elementor-element-b2c621c&amp;quot;]
    Fix any of the following:
      Some page content is not contained by landmarks


  c) [&amp;quot;.elementor-element-baf03ae&amp;quot;]
    Fix any of the following:
      Some page content is not contained by landmarks


  d) [&amp;quot;.elementor-element-cb31cf9&amp;quot;]
    Fix any of the following:
      Some page content is not contained by landmarks


  e) [&amp;quot;.elementor-element-84c1841&amp;quot;]
    Fix any of the following:
      Some page content is not contained by landmarks


  f) [&amp;quot;.elementor-element-de982b7&amp;quot;]
    Fix any of the following:
      Some page content is not contained by landmarks


  g) [&amp;quot;.elementor-element-dc44cf0&amp;quot;]
    Fix any of the following:
      Some page content is not contained by landmarks


  h) [&amp;quot;.elementor-element-7a2e358&amp;quot;]
    Fix any of the following:
      Some page content is not contained by landmarks


  i) [&amp;quot;.elementor-element-55056bb&amp;quot;]
    Fix any of the following:
      Some page content is not contained by landmarks


  j) [&amp;quot;.elementor-element-367309e7&amp;quot;]
    Fix any of the following:
      Some page content is not contained by landmarks


  k) [&amp;quot;.elementor-element-fbccf2e&amp;quot;]
    Fix any of the following:
      Some page content is not contained by landmarks


  l) [&amp;quot;.elementor-element-77d697b&amp;quot;]
    Fix any of the following:
      Some page content is not contained by landmarks


  m) [&amp;quot;.elementor-element-6b306db&amp;quot;]
    Fix any of the following:
      Some page content is not contained by landmarks


  n) [&amp;quot;.swiper-slide-active &amp;gt; a[data-elementor-open-lightbox=\&amp;quot;yes\&amp;quot;][data-elementor-lightbox-slideshow=\&amp;quot;c9bd7b2\&amp;quot;][data-elementor-lightbox-title=\&amp;quot;access_control_videolink\&amp;quot;] &amp;gt; .elementor-carousel-image &amp;gt; .elementor-custom-embed-play &amp;gt; .elementor-screen-only&amp;quot;]
    Fix any of the following:
      Some page content is not contained by landmarks


  o) [&amp;quot;.swiper-slide-duplicate-active &amp;gt; a[data-elementor-open-lightbox=\&amp;quot;yes\&amp;quot;][data-elementor-lightbox-slideshow=\&amp;quot;c9bd7b2\&amp;quot;][data-elementor-lightbox-title=\&amp;quot;access_control_videolink\&amp;quot;] &amp;gt; .elementor-carousel-image &amp;gt; .elementor-custom-embed-play &amp;gt; .elementor-screen-only&amp;quot;]
    Fix any of the following:
      Some page content is not contained by landmarks


  p) [&amp;quot;.swiper-pagination&amp;quot;]
    Fix any of the following:
      Some page content is not contained by landmarks


  q) [&amp;quot;.elementor-swiper-button-prev&amp;quot;]
    Fix any of the following:
      Some page content is not contained by landmarks


  r) [&amp;quot;.elementor-swiper-button-next&amp;quot;]
    Fix any of the following:
      Some page content is not contained by landmarks


  s) [&amp;quot;.elementor-element-769e6c3&amp;quot;]
    Fix any of the following:
      Some page content is not contained by landmarks


  t) [&amp;quot;.elementor-element-183312a&amp;quot;]
    Fix any of the following:
      Some page content is not contained by landmarks


  u) [&amp;quot;.elementor-element-d58a4e0&amp;quot;]
    Fix any of the following:
      Some page content is not contained by landmarks


  v) [&amp;quot;#elementor-tab-title-9801&amp;quot;]
    Fix any of the following:
      Some page content is not contained by landmarks


  w) [&amp;quot;#elementor-tab-title-9802&amp;quot;]
    Fix any of the following:
      Some page content is not contained by landmarks


  x) [&amp;quot;#elementor-tab-title-9803&amp;quot;]
    Fix any of the following:
      Some page content is not contained by landmarks


  y) [&amp;quot;#elementor-tab-title-9804&amp;quot;]
    Fix any of the following:
      Some page content is not contained by landmarks


  z) [&amp;quot;#elementor-tab-title-9805&amp;quot;]
    Fix any of the following:
      Some page content is not contained by landmarks


  aa) [&amp;quot;.elementor-element-2b95eb9e&amp;quot;]
    Fix any of the following:
      Some page content is not contained by landmarks


  ab) [&amp;quot;.elementor-element-58c0fa4&amp;quot;]
    Fix any of the following:
      Some page content is not contained by landmarks


  ac) [&amp;quot;.elementor-element-f1c791a&amp;quot;]
    Fix any of the following:
      Some page content is not contained by landmarks


  ad) [&amp;quot;.elementor-element-84445fb&amp;quot;]
    Fix any of the following:
      Some page content is not contained by landmarks


10) Elements should not have tabindex greater than zero: https://dequeuniversity.com/rules/axe/4.0/tabindex?application=axeAPI
  a) [&amp;quot;#elementor-tab-title-9801&amp;quot;]
    Fix any of the following:
      Element has a tabindex greater than 0


  b) [&amp;quot;#elementor-tab-title-9802&amp;quot;]
    Fix any of the following:
      Element has a tabindex greater than 0


  c) [&amp;quot;#elementor-tab-title-9803&amp;quot;]
    Fix any of the following:
      Element has a tabindex greater than 0


  d) [&amp;quot;#elementor-tab-title-9804&amp;quot;]
    Fix any of the following:
      Element has a tabindex greater than 0


  e) [&amp;quot;#elementor-tab-title-9805&amp;quot;]
    Fix any of the following:
      Element has a tabindex greater than 0

 expected [true] but found [false]">
      <![CDATA[java.lang.AssertionError: Found 10 accessibility violations:
1) Certain ARIA roles must be contained by particular parents: https://dequeuniversity.com/rules/axe/4.0/aria-required-parent?application=axeAPI
  a) ["#elementor-tab-title-9801"]
    Fix any of the following:
      Required ARIA parent role not present: tablist


  b) ["#elementor-tab-title-9802"]
    Fix any of the following:
      Required ARIA parent role not present: tablist


  c) ["#elementor-tab-title-9803"]
    Fix any of the following:
      Required ARIA parent role not present: tablist


  d) ["#elementor-tab-title-9804"]
    Fix any of the following:
      Required ARIA parent role not present: tablist


  e) ["#elementor-tab-title-9805"]
    Fix any of the following:
      Required ARIA parent role not present: tablist


2) Elements must have sufficient color contrast: https://dequeuniversity.com/rules/axe/4.0/color-contrast?application=axeAPI
  a) [".elementor-element-4b451ee > .elementor-widget-container > .elementor-text-editor.elementor-clearfix > p"]
    Fix any of the following:
      Element has insufficient color contrast of 4.4 (foreground color: #b5b5b5, background color: #3f4a56, font size: 6.8pt (9px), font weight: normal). Expected contrast ratio of 4.5:1


  b) ["a[href=\"tel\\:41216331960\"] > span"]
    Fix any of the following:
      Element has insufficient color contrast of 4.4 (foreground color: #b5b5b5, background color: #3f4a56, font size: 8.3pt (11px), font weight: normal). Expected contrast ratio of 4.5:1


  c) [".elementor-element-268866f > .elementor-widget-container > .elementor-text-editor.elementor-clearfix > p"]
    Fix any of the following:
      Element has insufficient color contrast of 4.4 (foreground color: #b5b5b5, background color: #3f4a56, font size: 6.8pt (9px), font weight: normal). Expected contrast ratio of 4.5:1


  d) ["a[href=\"tel\\:18007202751\"] > span"]
    Fix any of the following:
      Element has insufficient color contrast of 4.4 (foreground color: #b5b5b5, background color: #3f4a56, font size: 8.3pt (11px), font weight: normal). Expected contrast ratio of 4.5:1


  e) ["a[href=\"tel\\:15143958999\"] > span"]
    Fix any of the following:
      Element has insufficient color contrast of 4.4 (foreground color: #b5b5b5, background color: #3f4a56, font size: 8.3pt (11px), font weight: normal). Expected contrast ratio of 4.5:1


  f) [".elementor-element-d484337 > .elementor-widget-container > .elementor-text-editor.elementor-clearfix > p"]
    Fix any of the following:
      Element has insufficient color contrast of 4.4 (foreground color: #b5b5b5, background color: #3f4a56, font size: 6.8pt (9px), font weight: normal). Expected contrast ratio of 4.5:1


  g) ["a[href=\"tel\\:541152353919\"] > span"]
    Fix any of the following:
      Element has insufficient color contrast of 4.4 (foreground color: #b5b5b5, background color: #3f4a56, font size: 8.3pt (11px), font weight: normal). Expected contrast ratio of 4.5:1


  h) [".elementor-element-246285a > .elementor-widget-container > .elementor-text-editor.elementor-clearfix > p"]
    Fix any of the following:
      Element has insufficient color contrast of 4.4 (foreground color: #b5b5b5, background color: #3f4a56, font size: 6.8pt (9px), font weight: normal). Expected contrast ratio of 4.5:1


  i) ["a[href=\"tel\\:966555221919\"] > span"]
    Fix any of the following:
      Element has insufficient color contrast of 4.4 (foreground color: #b5b5b5, background color: #3f4a56, font size: 8.3pt (11px), font weight: normal). Expected contrast ratio of 4.5:1


  j) ["a[href=\"tel\\:962796664945\"] > span"]
    Fix any of the following:
      Element has insufficient color contrast of 4.4 (foreground color: #b5b5b5, background color: #3f4a56, font size: 8.3pt (11px), font weight: normal). Expected contrast ratio of 4.5:1


  k) [".elementor-element-6cd768e > .elementor-widget-container > .elementor-text-editor.elementor-clearfix > p"]
    Fix any of the following:
      Element has insufficient color contrast of 4.4 (foreground color: #b5b5b5, background color: #3f4a56, font size: 6.8pt (9px), font weight: normal). Expected contrast ratio of 4.5:1


  l) [".elementor-size-small"]
    Fix any of the following:
      Element has insufficient color contrast of 3.05 (foreground color: #92979c, background color: #3f4a56, font size: 6.0pt (8px), font weight: normal). Expected contrast ratio of 4.5:1


3) IDs of active elements must be unique: https://dequeuniversity.com/rules/axe/4.0/duplicate-id-active?application=axeAPI
  a) [".elementor-sticky--effects > .elementor-column-gap-no.elementor-container > .elementor-row > .elementor-element-80dfe94.elementor-col-100[data-id=\"\\38 0dfe94\"] > .elementor-element-populated.elementor-column-wrap > .elementor-widget-wrap > .elementor-element-e8320e5.elementor-section-content-top[data-id=\"e8320e5\"] > .elementor-column-gap-no.elementor-container > .elementor-row > .elementor-element-75d82a5.elementor-hidden-phone[data-id=\"\\37 5d82a5\"] > .elementor-element-populated.elementor-column-wrap > .elementor-widget-wrap > .elementor-element-7bd160f.elementor-search-form--skin-full_screen.hSearch > .elementor-widget-container > .elementor-search-form[role=\"search\"][action=\"https\\:\\/\\/www\\.navori\\.com\"] > .elementor-search-form__container > a[href=\"javascript\\:void\\(0\\)\"]"]
    Fix any of the following:
      Document has active elements with the same id attribute: backsrcbtnhd


4) IDs used in ARIA and labels must be unique: https://dequeuniversity.com/rules/axe/4.0/duplicate-id-aria?application=axeAPI
  a) [".elementor-sticky--effects > .elementor-column-gap-no.elementor-container > .elementor-row > .elementor-element-80dfe94.elementor-col-100[data-id=\"\\38 0dfe94\"] > .elementor-element-populated.elementor-column-wrap > .elementor-widget-wrap > .elementor-element-e8320e5.elementor-section-content-top[data-id=\"e8320e5\"] > .elementor-column-gap-no.elementor-container > .elementor-row > .elementor-element-09aeb80.hLogin[data-id=\"\\30 9aeb80\"] > .elementor-element-populated.elementor-column-wrap > .elementor-widget-wrap > .elementor-element-7521b85.elementor-widget-html[data-id=\"\\37 521b85\"] > .elementor-widget-container > .hLogForm > form[method=\"post\"][name=\"hLogin\"] > input[maxlength=\"\\35 0\"][name=\"UID\"][type=\"email\"]"]
    Fix any of the following:
      Document has multiple elements referenced with ARIA with the same id attribute: hLEmail


  b) [".elementor-sticky--effects > .elementor-column-gap-no.elementor-container > .elementor-row > .elementor-element-80dfe94.elementor-col-100[data-id=\"\\38 0dfe94\"] > .elementor-element-populated.elementor-column-wrap > .elementor-widget-wrap > .elementor-element-e8320e5.elementor-section-content-top[data-id=\"e8320e5\"] > .elementor-column-gap-no.elementor-container > .elementor-row > .elementor-element-09aeb80.hLogin[data-id=\"\\30 9aeb80\"] > .elementor-element-populated.elementor-column-wrap > .elementor-widget-wrap > .elementor-element-7521b85.elementor-widget-html[data-id=\"\\37 521b85\"] > .elementor-widget-container > .hLogForm > form[method=\"post\"][name=\"hLogin\"] > input[maxlength=\"\\31 5\"][name=\"PWD\"][type=\"password\"]"]
    Fix any of the following:
      Document has multiple elements referenced with ARIA with the same id attribute: hLPassword


5) id attribute value must be unique: https://dequeuniversity.com/rules/axe/4.0/duplicate-id?application=axeAPI
  a) [".elementor-sticky--effects > .elementor-column-gap-no.elementor-container > .elementor-row > .elementor-element-80dfe94.elementor-col-100[data-id=\"\\38 0dfe94\"] > .elementor-element-populated.elementor-column-wrap > .elementor-widget-wrap > .elementor-element-e8320e5.elementor-section-content-top[data-id=\"e8320e5\"] > .elementor-column-gap-no.elementor-container > .elementor-row > .elementor-element-09aeb80.hLogin[data-id=\"\\30 9aeb80\"] > .elementor-element-populated.elementor-column-wrap > .elementor-widget-wrap > .elementor-element-154e00c.elementor-widget-eael-creative-button[data-id=\"\\31 54e00c\"]"]
    Fix any of the following:
      Document has multiple static elements with the same id attribute: hLogBt


  b) [".elementor-sticky--effects > .elementor-column-gap-no.elementor-container > .elementor-row > .elementor-element-80dfe94.elementor-col-100[data-id=\"\\38 0dfe94\"] > .elementor-element-populated.elementor-column-wrap > .elementor-widget-wrap > .elementor-element-e8320e5.elementor-section-content-top[data-id=\"e8320e5\"] > .elementor-column-gap-no.elementor-container > .elementor-row > .elementor-element-09aeb80.hLogin[data-id=\"\\30 9aeb80\"] > .elementor-element-populated.elementor-column-wrap > .elementor-widget-wrap > .elementor-element-7521b85.elementor-widget-html[data-id=\"\\37 521b85\"] > .elementor-widget-container > .hLogForm"]
    Fix any of the following:
      Document has multiple static elements with the same id attribute: hLogForm


  c) [".elementor-sticky--effects > .elementor-column-gap-no.elementor-container > .elementor-row > .elementor-element-80dfe94.elementor-col-100[data-id=\"\\38 0dfe94\"] > .elementor-element-populated.elementor-column-wrap > .elementor-widget-wrap > .elementor-element-e8320e5.elementor-section-content-top[data-id=\"e8320e5\"] > .elementor-column-gap-no.elementor-container > .elementor-row > .elementor-element-09aeb80.hLogin[data-id=\"\\30 9aeb80\"] > .elementor-element-populated.elementor-column-wrap > .elementor-widget-wrap > .elementor-element-7521b85.elementor-widget-html[data-id=\"\\37 521b85\"] > .elementor-widget-container > .hLogForm > form[method=\"post\"][name=\"hLogin\"]"]
    Fix any of the following:
      Document has multiple static elements with the same id attribute: hLogin


  d) [".elementor-sticky--effects > .elementor-column-gap-no.elementor-container > .elementor-row > .elementor-element-80dfe94.elementor-col-100[data-id=\"\\38 0dfe94\"] > .elementor-element-populated.elementor-column-wrap > .elementor-widget-wrap > .elementor-element-e8320e5.elementor-section-content-top[data-id=\"e8320e5\"] > .elementor-column-gap-no.elementor-container > .elementor-row > .elementor-element-75d82a5.elementor-hidden-phone[data-id=\"\\37 5d82a5\"] > .elementor-element-populated.elementor-column-wrap > .elementor-widget-wrap > .elementor-element-7bd160f.elementor-search-form--skin-full_screen.hSearch"]
    Fix any of the following:
      Document has multiple static elements with the same id attribute: headsearch


  e) [".elementor-sticky--effects > .elementor-column-gap-no.elementor-container > .elementor-row > .elementor-element-80dfe94.elementor-col-100[data-id=\"\\38 0dfe94\"] > .elementor-element-populated.elementor-column-wrap > .elementor-widget-wrap > .elementor-element-95540f1.elementor-nav-menu--stretch.elementor-nav-menu__text-align-center"]
    Fix any of the following:
      Document has multiple static elements with the same id attribute: hNavMenu


  f) ["ul[data-smartmenus-id=\"\\31 59780703551964\"]"]
    Fix any of the following:
      Document has multiple static elements with the same id attribute: menu-1-95540f1


  g) ["ul[data-smartmenus-id=\"\\31 597807035528126\"]"]
    Fix any of the following:
      Document has multiple static elements with the same id attribute: menu-2-95540f1


6) Form elements should have a visible label: https://dequeuniversity.com/rules/axe/4.0/label-title-only?application=axeAPI
  a) [".elementor-sticky--effects > .elementor-column-gap-no.elementor-container > .elementor-row > .elementor-element-80dfe94.elementor-col-100[data-id=\"\\38 0dfe94\"] > .elementor-element-populated.elementor-column-wrap > .elementor-widget-wrap > .elementor-element-e8320e5.elementor-section-content-top[data-id=\"e8320e5\"] > .elementor-column-gap-no.elementor-container > .elementor-row > .elementor-element-75d82a5.elementor-hidden-phone[data-id=\"\\37 5d82a5\"] > .elementor-element-populated.elementor-column-wrap > .elementor-widget-wrap > .elementor-element-7bd160f.elementor-search-form--skin-full_screen.hSearch > .elementor-widget-container > .elementor-search-form[role=\"search\"][action=\"https\\:\\/\\/www\\.navori\\.com\"] > .elementor-search-form__container > .elementor-search-form__input[placeholder=\"Search\\.\\.\\.\"][type=\"search\"]"]
    Fix all of the following:
      Only title used to generate label for form element


7) Document must have one main landmark: https://dequeuniversity.com/rules/axe/4.0/landmark-one-main?application=axeAPI
  a) ["html"]
    Fix all of the following:
      Document does not have a main landmark


8) Ensures landmarks are unique: https://dequeuniversity.com/rules/axe/4.0/landmark-unique?application=axeAPI
  a) [".elementor-sticky--effects > .elementor-column-gap-no.elementor-container > .elementor-row > .elementor-element-80dfe94.elementor-col-100[data-id=\"\\38 0dfe94\"] > .elementor-element-populated.elementor-column-wrap > .elementor-widget-wrap > .elementor-element-95540f1.elementor-nav-menu--stretch.elementor-nav-menu__text-align-center > .elementor-widget-container > .e--animation-grow.elementor-nav-menu--main.elementor-nav-menu--layout-horizontal"]
    Fix any of the following:
      The landmark must have a unique aria-label, aria-labelledby, or title to make landmarks distinguishable


  b) [".elementor-element-a1534e1 > .elementor-widget-container > .n2-section-smartslider.fitvidsignore[role=\"region\"]"]
    Fix any of the following:
      The landmark must have a unique aria-label, aria-labelledby, or title to make landmarks distinguishable


9) All page content must be contained by landmarks: https://dequeuniversity.com/rules/axe/4.0/region?application=axeAPI
  a) [".elementor-element-7f2bc5cf"]
    Fix any of the following:
      Some page content is not contained by landmarks


  b) [".elementor-element-b2c621c"]
    Fix any of the following:
      Some page content is not contained by landmarks


  c) [".elementor-element-baf03ae"]
    Fix any of the following:
      Some page content is not contained by landmarks


  d) [".elementor-element-cb31cf9"]
    Fix any of the following:
      Some page content is not contained by landmarks


  e) [".elementor-element-84c1841"]
    Fix any of the following:
      Some page content is not contained by landmarks


  f) [".elementor-element-de982b7"]
    Fix any of the following:
      Some page content is not contained by landmarks


  g) [".elementor-element-dc44cf0"]
    Fix any of the following:
      Some page content is not contained by landmarks


  h) [".elementor-element-7a2e358"]
    Fix any of the following:
      Some page content is not contained by landmarks


  i) [".elementor-element-55056bb"]
    Fix any of the following:
      Some page content is not contained by landmarks


  j) [".elementor-element-367309e7"]
    Fix any of the following:
      Some page content is not contained by landmarks


  k) [".elementor-element-fbccf2e"]
    Fix any of the following:
      Some page content is not contained by landmarks


  l) [".elementor-element-77d697b"]
    Fix any of the following:
      Some page content is not contained by landmarks


  m) [".elementor-element-6b306db"]
    Fix any of the following:
      Some page content is not contained by landmarks


  n) [".swiper-slide-active > a[data-elementor-open-lightbox=\"yes\"][data-elementor-lightbox-slideshow=\"c9bd7b2\"][data-elementor-lightbox-title=\"access_control_videolink\"] > .elementor-carousel-image > .elementor-custom-embed-play > .elementor-screen-only"]
    Fix any of the following:
      Some page content is not contained by landmarks


  o) [".swiper-slide-duplicate-active > a[data-elementor-open-lightbox=\"yes\"][data-elementor-lightbox-slideshow=\"c9bd7b2\"][data-elementor-lightbox-title=\"access_control_videolink\"] > .elementor-carousel-image > .elementor-custom-embed-play > .elementor-screen-only"]
    Fix any of the following:
      Some page content is not contained by landmarks


  p) [".swiper-pagination"]
    Fix any of the following:
      Some page content is not contained by landmarks


  q) [".elementor-swiper-button-prev"]
    Fix any of the following:
      Some page content is not contained by landmarks


  r) [".elementor-swiper-button-next"]
    Fix any of the following:
      Some page content is not contained by landmarks


  s) [".elementor-element-769e6c3"]
    Fix any of the following:
      Some page content is not contained by landmarks


  t) [".elementor-element-183312a"]
    Fix any of the following:
      Some page content is not contained by landmarks


  u) [".elementor-element-d58a4e0"]
    Fix any of the following:
      Some page content is not contained by landmarks


  v) ["#elementor-tab-title-9801"]
    Fix any of the following:
      Some page content is not contained by landmarks


  w) ["#elementor-tab-title-9802"]
    Fix any of the following:
      Some page content is not contained by landmarks


  x) ["#elementor-tab-title-9803"]
    Fix any of the following:
      Some page content is not contained by landmarks


  y) ["#elementor-tab-title-9804"]
    Fix any of the following:
      Some page content is not contained by landmarks


  z) ["#elementor-tab-title-9805"]
    Fix any of the following:
      Some page content is not contained by landmarks


  aa) [".elementor-element-2b95eb9e"]
    Fix any of the following:
      Some page content is not contained by landmarks


  ab) [".elementor-element-58c0fa4"]
    Fix any of the following:
      Some page content is not contained by landmarks


  ac) [".elementor-element-f1c791a"]
    Fix any of the following:
      Some page content is not contained by landmarks


  ad) [".elementor-element-84445fb"]
    Fix any of the following:
      Some page content is not contained by landmarks


10) Elements should not have tabindex greater than zero: https://dequeuniversity.com/rules/axe/4.0/tabindex?application=axeAPI
  a) ["#elementor-tab-title-9801"]
    Fix any of the following:
      Element has a tabindex greater than 0


  b) ["#elementor-tab-title-9802"]
    Fix any of the following:
      Element has a tabindex greater than 0


  c) ["#elementor-tab-title-9803"]
    Fix any of the following:
      Element has a tabindex greater than 0


  d) ["#elementor-tab-title-9804"]
    Fix any of the following:
      Element has a tabindex greater than 0


  e) ["#elementor-tab-title-9805"]
    Fix any of the following:
      Element has a tabindex greater than 0

 expected [true] but found [false]
	at org.testng.Assert.fail(Assert.java:94)
	at org.testng.Assert.failNotEquals(Assert.java:494)
	at org.testng.Assert.assertTrue(Assert.java:42)
	at com.tests.HomePage_Test.setup(HomePage_Test.java:34)
	at sun.reflect.NativeMethodAccessorImpl.invoke0(Native Method)
	at sun.reflect.NativeMethodAccessorImpl.invoke(NativeMethodAccessorImpl.java:62)
	at sun.reflect.DelegatingMethodAccessorImpl.invoke(DelegatingMethodAccessorImpl.java:43)
	at java.lang.reflect.Method.invoke(Method.java:498)
	at org.testng.internal.MethodInvocationHelper.invokeMethod(MethodInvocationHelper.java:80)
	at org.testng.internal.Invoker.invokeConfigurationMethod(Invoker.java:564)
	at org.testng.internal.Invoker.invokeConfigurations(Invoker.java:213)
	at org.testng.internal.Invoker.invokeConfigurations(Invoker.java:138)
	at org.testng.internal.TestMethodWorker.invokeBeforeClassMethods(TestMethodWorker.java:175)
	at org.testng.internal.TestMethodWorker.run(TestMethodWorker.java:107)
	at org.testng.TestRunner.privateRun(TestRunner.java:767)
	at org.testng.TestRunner.run(TestRunner.java:617)
	at org.testng.SuiteRunner.runTest(SuiteRunner.java:334)
	at org.testng.SuiteRunner.runSequentially(SuiteRunner.java:329)
	at org.testng.SuiteRunner.privateRun(SuiteRunner.java:291)
	at org.testng.SuiteRunner.run(SuiteRunner.java:240)
	at org.testng.SuiteRunnerWorker.runSuite(SuiteRunnerWorker.java:52)
	at org.testng.SuiteRunnerWorker.run(SuiteRunnerWorker.java:86)
	at org.testng.TestNG.runSuitesSequentially(TestNG.java:1198)
	at org.testng.TestNG.runSuitesLocally(TestNG.java:1123)
	at org.testng.TestNG.run(TestNG.java:1031)
	at org.testng.remote.AbstractRemoteTestNG.run(AbstractRemoteTestNG.java:115)
	at org.testng.remote.RemoteTestNG.initAndRun(RemoteTestNG.java:251)
	at org.testng.remote.RemoteTestNG.main(RemoteTestNG.java:77)
]]>
    </failure>
  </testcase> <!-- @BeforeClass setup -->
  <testcase name="@AfterTest closeBrowser" time="0.0" classname="com.tests.HomePage_Test">
    <skipped/>
  </testcase> <!-- @AfterTest closeBrowser -->
  <testcase name="firstTest" time="0.003" classname="com.tests.HomePage_Test">
    <skipped/>
  </testcase> <!-- firstTest -->
</testsuite> <!-- Default test -->
