<?xml version="1.0" encoding="UTF-8"?>
<testng-results skipped="1" failed="0" total="1" passed="0">
  <reporter-output>
  </reporter-output>
  <suite name="Default suite" duration-ms="21907" started-at="2020-08-19T03:17:06Z" finished-at="2020-08-19T03:17:28Z">
    <groups>
    </groups>
    <test name="Default test" duration-ms="21907" started-at="2020-08-19T03:17:06Z" finished-at="2020-08-19T03:17:28Z">
      <class name="com.tests.HomePage_Test">
        <test-method status="FAIL" signature="setup()[pri:0, instance:com.tests.HomePage_Test@4de5031f]" name="setup" is-config="true" duration-ms="0" started-at="2020-08-19T08:47:06Z" finished-at="2020-08-19T08:47:06Z">
          <exception class="java.lang.AssertionError">
            <message>
              <![CDATA[Found 10 accessibility violations:
1) Certain ARIA roles must be contained by particular parents: https://dequeuniversity.com/rules/axe/4.0/aria-required-parent?application=axeAPI
  a) ["#elementor-tab-title-9801"]
    Fix any of the following:
      Required ARIA parent role not present: tablist


  b) ["#elementor-tab-title-9802"]
    Fix any of the following:
      Required ARIA parent role not present: tablist


  c) ["#elementor-tab-title-9803"]
    Fix any of the following:
      Required ARIA parent role not present: tablist


  d) ["#elementor-tab-title-9804"]
    Fix any of the following:
      Required ARIA parent role not present: tablist


  e) ["#elementor-tab-title-9805"]
    Fix any of the following:
      Required ARIA parent role not present: tablist


2) Elements must have sufficient color contrast: https://dequeuniversity.com/rules/axe/4.0/color-contrast?application=axeAPI
  a) [".elementor-element-4b451ee > .elementor-widget-container > .elementor-text-editor.elementor-clearfix > p"]
    Fix any of the following:
      Element has insufficient color contrast of 4.4 (foreground color: #b5b5b5, background color: #3f4a56, font size: 6.8pt (9px), font weight: normal). Expected contrast ratio of 4.5:1


  b) ["a[href=\"tel\\:41216331960\"] > span"]
    Fix any of the following:
      Element has insufficient color contrast of 4.4 (foreground color: #b5b5b5, background color: #3f4a56, font size: 8.3pt (11px), font weight: normal). Expected contrast ratio of 4.5:1


  c) [".elementor-element-268866f > .elementor-widget-container > .elementor-text-editor.elementor-clearfix > p"]
    Fix any of the following:
      Element has insufficient color contrast of 4.4 (foreground color: #b5b5b5, background color: #3f4a56, font size: 6.8pt (9px), font weight: normal). Expected contrast ratio of 4.5:1


  d) ["a[href=\"tel\\:18007202751\"] > span"]
    Fix any of the following:
      Element has insufficient color contrast of 4.4 (foreground color: #b5b5b5, background color: #3f4a56, font size: 8.3pt (11px), font weight: normal). Expected contrast ratio of 4.5:1


  e) ["a[href=\"tel\\:15143958999\"] > span"]
    Fix any of the following:
      Element has insufficient color contrast of 4.4 (foreground color: #b5b5b5, background color: #3f4a56, font size: 8.3pt (11px), font weight: normal). Expected contrast ratio of 4.5:1


  f) [".elementor-element-d484337 > .elementor-widget-container > .elementor-text-editor.elementor-clearfix > p"]
    Fix any of the following:
      Element has insufficient color contrast of 4.4 (foreground color: #b5b5b5, background color: #3f4a56, font size: 6.8pt (9px), font weight: normal). Expected contrast ratio of 4.5:1


  g) ["a[href=\"tel\\:541152353919\"] > span"]
    Fix any of the following:
      Element has insufficient color contrast of 4.4 (foreground color: #b5b5b5, background color: #3f4a56, font size: 8.3pt (11px), font weight: normal). Expected contrast ratio of 4.5:1


  h) [".elementor-element-246285a > .elementor-widget-container > .elementor-text-editor.elementor-clearfix > p"]
    Fix any of the following:
      Element has insufficient color contrast of 4.4 (foreground color: #b5b5b5, background color: #3f4a56, font size: 6.8pt (9px), font weight: normal). Expected contrast ratio of 4.5:1


  i) ["a[href=\"tel\\:966555221919\"] > span"]
    Fix any of the following:
      Element has insufficient color contrast of 4.4 (foreground color: #b5b5b5, background color: #3f4a56, font size: 8.3pt (11px), font weight: normal). Expected contrast ratio of 4.5:1


  j) ["a[href=\"tel\\:962796664945\"] > span"]
    Fix any of the following:
      Element has insufficient color contrast of 4.4 (foreground color: #b5b5b5, background color: #3f4a56, font size: 8.3pt (11px), font weight: normal). Expected contrast ratio of 4.5:1


  k) [".elementor-element-6cd768e > .elementor-widget-container > .elementor-text-editor.elementor-clearfix > p"]
    Fix any of the following:
      Element has insufficient color contrast of 4.4 (foreground color: #b5b5b5, background color: #3f4a56, font size: 6.8pt (9px), font weight: normal). Expected contrast ratio of 4.5:1


  l) [".elementor-size-small"]
    Fix any of the following:
      Element has insufficient color contrast of 3.05 (foreground color: #92979c, background color: #3f4a56, font size: 6.0pt (8px), font weight: normal). Expected contrast ratio of 4.5:1


3) IDs of active elements must be unique: https://dequeuniversity.com/rules/axe/4.0/duplicate-id-active?application=axeAPI
  a) [".elementor-sticky--effects > .elementor-column-gap-no.elementor-container > .elementor-row > .elementor-element-80dfe94.elementor-col-100[data-id=\"\\38 0dfe94\"] > .elementor-element-populated.elementor-column-wrap > .elementor-widget-wrap > .elementor-element-e8320e5.elementor-section-content-top[data-id=\"e8320e5\"] > .elementor-column-gap-no.elementor-container > .elementor-row > .elementor-element-75d82a5.elementor-hidden-phone[data-id=\"\\37 5d82a5\"] > .elementor-element-populated.elementor-column-wrap > .elementor-widget-wrap > .elementor-element-7bd160f.elementor-search-form--skin-full_screen.hSearch > .elementor-widget-container > .elementor-search-form[role=\"search\"][action=\"https\\:\\/\\/www\\.navori\\.com\"] > .elementor-search-form__container > a[href=\"javascript\\:void\\(0\\)\"]"]
    Fix any of the following:
      Document has active elements with the same id attribute: backsrcbtnhd


4) IDs used in ARIA and labels must be unique: https://dequeuniversity.com/rules/axe/4.0/duplicate-id-aria?application=axeAPI
  a) [".elementor-sticky--effects > .elementor-column-gap-no.elementor-container > .elementor-row > .elementor-element-80dfe94.elementor-col-100[data-id=\"\\38 0dfe94\"] > .elementor-element-populated.elementor-column-wrap > .elementor-widget-wrap > .elementor-element-e8320e5.elementor-section-content-top[data-id=\"e8320e5\"] > .elementor-column-gap-no.elementor-container > .elementor-row > .elementor-element-09aeb80.hLogin[data-id=\"\\30 9aeb80\"] > .elementor-element-populated.elementor-column-wrap > .elementor-widget-wrap > .elementor-element-7521b85.elementor-widget-html[data-id=\"\\37 521b85\"] > .elementor-widget-container > .hLogForm > form[method=\"post\"][name=\"hLogin\"] > input[maxlength=\"\\35 0\"][name=\"UID\"][type=\"email\"]"]
    Fix any of the following:
      Document has multiple elements referenced with ARIA with the same id attribute: hLEmail


  b) [".elementor-sticky--effects > .elementor-column-gap-no.elementor-container > .elementor-row > .elementor-element-80dfe94.elementor-col-100[data-id=\"\\38 0dfe94\"] > .elementor-element-populated.elementor-column-wrap > .elementor-widget-wrap > .elementor-element-e8320e5.elementor-section-content-top[data-id=\"e8320e5\"] > .elementor-column-gap-no.elementor-container > .elementor-row > .elementor-element-09aeb80.hLogin[data-id=\"\\30 9aeb80\"] > .elementor-element-populated.elementor-column-wrap > .elementor-widget-wrap > .elementor-element-7521b85.elementor-widget-html[data-id=\"\\37 521b85\"] > .elementor-widget-container > .hLogForm > form[method=\"post\"][name=\"hLogin\"] > input[maxlength=\"\\31 5\"][name=\"PWD\"][type=\"password\"]"]
    Fix any of the following:
      Document has multiple elements referenced with ARIA with the same id attribute: hLPassword


5) id attribute value must be unique: https://dequeuniversity.com/rules/axe/4.0/duplicate-id?application=axeAPI
  a) [".elementor-sticky--effects > .elementor-column-gap-no.elementor-container > .elementor-row > .elementor-element-80dfe94.elementor-col-100[data-id=\"\\38 0dfe94\"] > .elementor-element-populated.elementor-column-wrap > .elementor-widget-wrap > .elementor-element-e8320e5.elementor-section-content-top[data-id=\"e8320e5\"] > .elementor-column-gap-no.elementor-container > .elementor-row > .elementor-element-09aeb80.hLogin[data-id=\"\\30 9aeb80\"] > .elementor-element-populated.elementor-column-wrap > .elementor-widget-wrap > .elementor-element-154e00c.elementor-widget-eael-creative-button[data-id=\"\\31 54e00c\"]"]
    Fix any of the following:
      Document has multiple static elements with the same id attribute: hLogBt


  b) [".elementor-sticky--effects > .elementor-column-gap-no.elementor-container > .elementor-row > .elementor-element-80dfe94.elementor-col-100[data-id=\"\\38 0dfe94\"] > .elementor-element-populated.elementor-column-wrap > .elementor-widget-wrap > .elementor-element-e8320e5.elementor-section-content-top[data-id=\"e8320e5\"] > .elementor-column-gap-no.elementor-container > .elementor-row > .elementor-element-09aeb80.hLogin[data-id=\"\\30 9aeb80\"] > .elementor-element-populated.elementor-column-wrap > .elementor-widget-wrap > .elementor-element-7521b85.elementor-widget-html[data-id=\"\\37 521b85\"] > .elementor-widget-container > .hLogForm"]
    Fix any of the following:
      Document has multiple static elements with the same id attribute: hLogForm


  c) [".elementor-sticky--effects > .elementor-column-gap-no.elementor-container > .elementor-row > .elementor-element-80dfe94.elementor-col-100[data-id=\"\\38 0dfe94\"] > .elementor-element-populated.elementor-column-wrap > .elementor-widget-wrap > .elementor-element-e8320e5.elementor-section-content-top[data-id=\"e8320e5\"] > .elementor-column-gap-no.elementor-container > .elementor-row > .elementor-element-09aeb80.hLogin[data-id=\"\\30 9aeb80\"] > .elementor-element-populated.elementor-column-wrap > .elementor-widget-wrap > .elementor-element-7521b85.elementor-widget-html[data-id=\"\\37 521b85\"] > .elementor-widget-container > .hLogForm > form[method=\"post\"][name=\"hLogin\"]"]
    Fix any of the following:
      Document has multiple static elements with the same id attribute: hLogin


  d) [".elementor-sticky--effects > .elementor-column-gap-no.elementor-container > .elementor-row > .elementor-element-80dfe94.elementor-col-100[data-id=\"\\38 0dfe94\"] > .elementor-element-populated.elementor-column-wrap > .elementor-widget-wrap > .elementor-element-e8320e5.elementor-section-content-top[data-id=\"e8320e5\"] > .elementor-column-gap-no.elementor-container > .elementor-row > .elementor-element-75d82a5.elementor-hidden-phone[data-id=\"\\37 5d82a5\"] > .elementor-element-populated.elementor-column-wrap > .elementor-widget-wrap > .elementor-element-7bd160f.elementor-search-form--skin-full_screen.hSearch"]
    Fix any of the following:
      Document has multiple static elements with the same id attribute: headsearch


  e) [".elementor-sticky--effects > .elementor-column-gap-no.elementor-container > .elementor-row > .elementor-element-80dfe94.elementor-col-100[data-id=\"\\38 0dfe94\"] > .elementor-element-populated.elementor-column-wrap > .elementor-widget-wrap > .elementor-element-95540f1.elementor-nav-menu--stretch.elementor-nav-menu__text-align-center"]
    Fix any of the following:
      Document has multiple static elements with the same id attribute: hNavMenu


  f) ["ul[data-smartmenus-id=\"\\31 59780703551964\"]"]
    Fix any of the following:
      Document has multiple static elements with the same id attribute: menu-1-95540f1


  g) ["ul[data-smartmenus-id=\"\\31 597807035528126\"]"]
    Fix any of the following:
      Document has multiple static elements with the same id attribute: menu-2-95540f1


6) Form elements should have a visible label: https://dequeuniversity.com/rules/axe/4.0/label-title-only?application=axeAPI
  a) [".elementor-sticky--effects > .elementor-column-gap-no.elementor-container > .elementor-row > .elementor-element-80dfe94.elementor-col-100[data-id=\"\\38 0dfe94\"] > .elementor-element-populated.elementor-column-wrap > .elementor-widget-wrap > .elementor-element-e8320e5.elementor-section-content-top[data-id=\"e8320e5\"] > .elementor-column-gap-no.elementor-container > .elementor-row > .elementor-element-75d82a5.elementor-hidden-phone[data-id=\"\\37 5d82a5\"] > .elementor-element-populated.elementor-column-wrap > .elementor-widget-wrap > .elementor-element-7bd160f.elementor-search-form--skin-full_screen.hSearch > .elementor-widget-container > .elementor-search-form[role=\"search\"][action=\"https\\:\\/\\/www\\.navori\\.com\"] > .elementor-search-form__container > .elementor-search-form__input[placeholder=\"Search\\.\\.\\.\"][type=\"search\"]"]
    Fix all of the following:
      Only title used to generate label for form element


7) Document must have one main landmark: https://dequeuniversity.com/rules/axe/4.0/landmark-one-main?application=axeAPI
  a) ["html"]
    Fix all of the following:
      Document does not have a main landmark


8) Ensures landmarks are unique: https://dequeuniversity.com/rules/axe/4.0/landmark-unique?application=axeAPI
  a) [".elementor-sticky--effects > .elementor-column-gap-no.elementor-container > .elementor-row > .elementor-element-80dfe94.elementor-col-100[data-id=\"\\38 0dfe94\"] > .elementor-element-populated.elementor-column-wrap > .elementor-widget-wrap > .elementor-element-95540f1.elementor-nav-menu--stretch.elementor-nav-menu__text-align-center > .elementor-widget-container > .e--animation-grow.elementor-nav-menu--main.elementor-nav-menu--layout-horizontal"]
    Fix any of the following:
      The landmark must have a unique aria-label, aria-labelledby, or title to make landmarks distinguishable


  b) [".elementor-element-a1534e1 > .elementor-widget-container > .n2-section-smartslider.fitvidsignore[role=\"region\"]"]
    Fix any of the following:
      The landmark must have a unique aria-label, aria-labelledby, or title to make landmarks distinguishable


9) All page content must be contained by landmarks: https://dequeuniversity.com/rules/axe/4.0/region?application=axeAPI
  a) [".elementor-element-7f2bc5cf"]
    Fix any of the following:
      Some page content is not contained by landmarks


  b) [".elementor-element-b2c621c"]
    Fix any of the following:
      Some page content is not contained by landmarks


  c) [".elementor-element-baf03ae"]
    Fix any of the following:
      Some page content is not contained by landmarks


  d) [".elementor-element-cb31cf9"]
    Fix any of the following:
      Some page content is not contained by landmarks


  e) [".elementor-element-84c1841"]
    Fix any of the following:
      Some page content is not contained by landmarks


  f) [".elementor-element-de982b7"]
    Fix any of the following:
      Some page content is not contained by landmarks


  g) [".elementor-element-dc44cf0"]
    Fix any of the following:
      Some page content is not contained by landmarks


  h) [".elementor-element-7a2e358"]
    Fix any of the following:
      Some page content is not contained by landmarks


  i) [".elementor-element-55056bb"]
    Fix any of the following:
      Some page content is not contained by landmarks


  j) [".elementor-element-367309e7"]
    Fix any of the following:
      Some page content is not contained by landmarks


  k) [".elementor-element-fbccf2e"]
    Fix any of the following:
      Some page content is not contained by landmarks


  l) [".elementor-element-77d697b"]
    Fix any of the following:
      Some page content is not contained by landmarks


  m) [".elementor-element-6b306db"]
    Fix any of the following:
      Some page content is not contained by landmarks


  n) [".swiper-slide-active > a[data-elementor-open-lightbox=\"yes\"][data-elementor-lightbox-slideshow=\"c9bd7b2\"][data-elementor-lightbox-title=\"access_control_videolink\"] > .elementor-carousel-image > .elementor-custom-embed-play > .elementor-screen-only"]
    Fix any of the following:
      Some page content is not contained by landmarks


  o) [".swiper-slide-duplicate-active > a[data-elementor-open-lightbox=\"yes\"][data-elementor-lightbox-slideshow=\"c9bd7b2\"][data-elementor-lightbox-title=\"access_control_videolink\"] > .elementor-carousel-image > .elementor-custom-embed-play > .elementor-screen-only"]
    Fix any of the following:
      Some page content is not contained by landmarks


  p) [".swiper-pagination"]
    Fix any of the following:
      Some page content is not contained by landmarks


  q) [".elementor-swiper-button-prev"]
    Fix any of the following:
      Some page content is not contained by landmarks


  r) [".elementor-swiper-button-next"]
    Fix any of the following:
      Some page content is not contained by landmarks


  s) [".elementor-element-769e6c3"]
    Fix any of the following:
      Some page content is not contained by landmarks


  t) [".elementor-element-183312a"]
    Fix any of the following:
      Some page content is not contained by landmarks


  u) [".elementor-element-d58a4e0"]
    Fix any of the following:
      Some page content is not contained by landmarks


  v) ["#elementor-tab-title-9801"]
    Fix any of the following:
      Some page content is not contained by landmarks


  w) ["#elementor-tab-title-9802"]
    Fix any of the following:
      Some page content is not contained by landmarks


  x) ["#elementor-tab-title-9803"]
    Fix any of the following:
      Some page content is not contained by landmarks


  y) ["#elementor-tab-title-9804"]
    Fix any of the following:
      Some page content is not contained by landmarks


  z) ["#elementor-tab-title-9805"]
    Fix any of the following:
      Some page content is not contained by landmarks


  aa) [".elementor-element-2b95eb9e"]
    Fix any of the following:
      Some page content is not contained by landmarks


  ab) [".elementor-element-58c0fa4"]
    Fix any of the following:
      Some page content is not contained by landmarks


  ac) [".elementor-element-f1c791a"]
    Fix any of the following:
      Some page content is not contained by landmarks


  ad) [".elementor-element-84445fb"]
    Fix any of the following:
      Some page content is not contained by landmarks


10) Elements should not have tabindex greater than zero: https://dequeuniversity.com/rules/axe/4.0/tabindex?application=axeAPI
  a) ["#elementor-tab-title-9801"]
    Fix any of the following:
      Element has a tabindex greater than 0


  b) ["#elementor-tab-title-9802"]
    Fix any of the following:
      Element has a tabindex greater than 0


  c) ["#elementor-tab-title-9803"]
    Fix any of the following:
      Element has a tabindex greater than 0


  d) ["#elementor-tab-title-9804"]
    Fix any of the following:
      Element has a tabindex greater than 0


  e) ["#elementor-tab-title-9805"]
    Fix any of the following:
      Element has a tabindex greater than 0

 expected [true] but found [false]]]>
            </message>
            <full-stacktrace>
              <![CDATA[java.lang.AssertionError: Found 10 accessibility violations:
1) Certain ARIA roles must be contained by particular parents: https://dequeuniversity.com/rules/axe/4.0/aria-required-parent?application=axeAPI
  a) ["#elementor-tab-title-9801"]
    Fix any of the following:
      Required ARIA parent role not present: tablist


  b) ["#elementor-tab-title-9802"]
    Fix any of the following:
      Required ARIA parent role not present: tablist


  c) ["#elementor-tab-title-9803"]
    Fix any of the following:
      Required ARIA parent role not present: tablist


  d) ["#elementor-tab-title-9804"]
    Fix any of the following:
      Required ARIA parent role not present: tablist


  e) ["#elementor-tab-title-9805"]
    Fix any of the following:
      Required ARIA parent role not present: tablist


2) Elements must have sufficient color contrast: https://dequeuniversity.com/rules/axe/4.0/color-contrast?application=axeAPI
  a) [".elementor-element-4b451ee > .elementor-widget-container > .elementor-text-editor.elementor-clearfix > p"]
    Fix any of the following:
      Element has insufficient color contrast of 4.4 (foreground color: #b5b5b5, background color: #3f4a56, font size: 6.8pt (9px), font weight: normal). Expected contrast ratio of 4.5:1


  b) ["a[href=\"tel\\:41216331960\"] > span"]
    Fix any of the following:
      Element has insufficient color contrast of 4.4 (foreground color: #b5b5b5, background color: #3f4a56, font size: 8.3pt (11px), font weight: normal). Expected contrast ratio of 4.5:1


  c) [".elementor-element-268866f > .elementor-widget-container > .elementor-text-editor.elementor-clearfix > p"]
    Fix any of the following:
      Element has insufficient color contrast of 4.4 (foreground color: #b5b5b5, background color: #3f4a56, font size: 6.8pt (9px), font weight: normal). Expected contrast ratio of 4.5:1


  d) ["a[href=\"tel\\:18007202751\"] > span"]
    Fix any of the following:
      Element has insufficient color contrast of 4.4 (foreground color: #b5b5b5, background color: #3f4a56, font size: 8.3pt (11px), font weight: normal). Expected contrast ratio of 4.5:1


  e) ["a[href=\"tel\\:15143958999\"] > span"]
    Fix any of the following:
      Element has insufficient color contrast of 4.4 (foreground color: #b5b5b5, background color: #3f4a56, font size: 8.3pt (11px), font weight: normal). Expected contrast ratio of 4.5:1


  f) [".elementor-element-d484337 > .elementor-widget-container > .elementor-text-editor.elementor-clearfix > p"]
    Fix any of the following:
      Element has insufficient color contrast of 4.4 (foreground color: #b5b5b5, background color: #3f4a56, font size: 6.8pt (9px), font weight: normal). Expected contrast ratio of 4.5:1


  g) ["a[href=\"tel\\:541152353919\"] > span"]
    Fix any of the following:
      Element has insufficient color contrast of 4.4 (foreground color: #b5b5b5, background color: #3f4a56, font size: 8.3pt (11px), font weight: normal). Expected contrast ratio of 4.5:1


  h) [".elementor-element-246285a > .elementor-widget-container > .elementor-text-editor.elementor-clearfix > p"]
    Fix any of the following:
      Element has insufficient color contrast of 4.4 (foreground color: #b5b5b5, background color: #3f4a56, font size: 6.8pt (9px), font weight: normal). Expected contrast ratio of 4.5:1


  i) ["a[href=\"tel\\:966555221919\"] > span"]
    Fix any of the following:
      Element has insufficient color contrast of 4.4 (foreground color: #b5b5b5, background color: #3f4a56, font size: 8.3pt (11px), font weight: normal). Expected contrast ratio of 4.5:1


  j) ["a[href=\"tel\\:962796664945\"] > span"]
    Fix any of the following:
      Element has insufficient color contrast of 4.4 (foreground color: #b5b5b5, background color: #3f4a56, font size: 8.3pt (11px), font weight: normal). Expected contrast ratio of 4.5:1


  k) [".elementor-element-6cd768e > .elementor-widget-container > .elementor-text-editor.elementor-clearfix > p"]
    Fix any of the following:
      Element has insufficient color contrast of 4.4 (foreground color: #b5b5b5, background color: #3f4a56, font size: 6.8pt (9px), font weight: normal). Expected contrast ratio of 4.5:1


  l) [".elementor-size-small"]
    Fix any of the following:
      Element has insufficient color contrast of 3.05 (foreground color: #92979c, background color: #3f4a56, font size: 6.0pt (8px), font weight: normal). Expected contrast ratio of 4.5:1


3) IDs of active elements must be unique: https://dequeuniversity.com/rules/axe/4.0/duplicate-id-active?application=axeAPI
  a) [".elementor-sticky--effects > .elementor-column-gap-no.elementor-container > .elementor-row > .elementor-element-80dfe94.elementor-col-100[data-id=\"\\38 0dfe94\"] > .elementor-element-populated.elementor-column-wrap > .elementor-widget-wrap > .elementor-element-e8320e5.elementor-section-content-top[data-id=\"e8320e5\"] > .elementor-column-gap-no.elementor-container > .elementor-row > .elementor-element-75d82a5.elementor-hidden-phone[data-id=\"\\37 5d82a5\"] > .elementor-element-populated.elementor-column-wrap > .elementor-widget-wrap > .elementor-element-7bd160f.elementor-search-form--skin-full_screen.hSearch > .elementor-widget-container > .elementor-search-form[role=\"search\"][action=\"https\\:\\/\\/www\\.navori\\.com\"] > .elementor-search-form__container > a[href=\"javascript\\:void\\(0\\)\"]"]
    Fix any of the following:
      Document has active elements with the same id attribute: backsrcbtnhd


4) IDs used in ARIA and labels must be unique: https://dequeuniversity.com/rules/axe/4.0/duplicate-id-aria?application=axeAPI
  a) [".elementor-sticky--effects > .elementor-column-gap-no.elementor-container > .elementor-row > .elementor-element-80dfe94.elementor-col-100[data-id=\"\\38 0dfe94\"] > .elementor-element-populated.elementor-column-wrap > .elementor-widget-wrap > .elementor-element-e8320e5.elementor-section-content-top[data-id=\"e8320e5\"] > .elementor-column-gap-no.elementor-container > .elementor-row > .elementor-element-09aeb80.hLogin[data-id=\"\\30 9aeb80\"] > .elementor-element-populated.elementor-column-wrap > .elementor-widget-wrap > .elementor-element-7521b85.elementor-widget-html[data-id=\"\\37 521b85\"] > .elementor-widget-container > .hLogForm > form[method=\"post\"][name=\"hLogin\"] > input[maxlength=\"\\35 0\"][name=\"UID\"][type=\"email\"]"]
    Fix any of the following:
      Document has multiple elements referenced with ARIA with the same id attribute: hLEmail


  b) [".elementor-sticky--effects > .elementor-column-gap-no.elementor-container > .elementor-row > .elementor-element-80dfe94.elementor-col-100[data-id=\"\\38 0dfe94\"] > .elementor-element-populated.elementor-column-wrap > .elementor-widget-wrap > .elementor-element-e8320e5.elementor-section-content-top[data-id=\"e8320e5\"] > .elementor-column-gap-no.elementor-container > .elementor-row > .elementor-element-09aeb80.hLogin[data-id=\"\\30 9aeb80\"] > .elementor-element-populated.elementor-column-wrap > .elementor-widget-wrap > .elementor-element-7521b85.elementor-widget-html[data-id=\"\\37 521b85\"] > .elementor-widget-container > .hLogForm > form[method=\"post\"][name=\"hLogin\"] > input[maxlength=\"\\31 5\"][name=\"PWD\"][type=\"password\"]"]
    Fix any of the following:
      Document has multiple elements referenced with ARIA with the same id attribute: hLPassword


5) id attribute value must be unique: https://dequeuniversity.com/rules/axe/4.0/duplicate-id?application=axeAPI
  a) [".elementor-sticky--effects > .elementor-column-gap-no.elementor-container > .elementor-row > .elementor-element-80dfe94.elementor-col-100[data-id=\"\\38 0dfe94\"] > .elementor-element-populated.elementor-column-wrap > .elementor-widget-wrap > .elementor-element-e8320e5.elementor-section-content-top[data-id=\"e8320e5\"] > .elementor-column-gap-no.elementor-container > .elementor-row > .elementor-element-09aeb80.hLogin[data-id=\"\\30 9aeb80\"] > .elementor-element-populated.elementor-column-wrap > .elementor-widget-wrap > .elementor-element-154e00c.elementor-widget-eael-creative-button[data-id=\"\\31 54e00c\"]"]
    Fix any of the following:
      Document has multiple static elements with the same id attribute: hLogBt


  b) [".elementor-sticky--effects > .elementor-column-gap-no.elementor-container > .elementor-row > .elementor-element-80dfe94.elementor-col-100[data-id=\"\\38 0dfe94\"] > .elementor-element-populated.elementor-column-wrap > .elementor-widget-wrap > .elementor-element-e8320e5.elementor-section-content-top[data-id=\"e8320e5\"] > .elementor-column-gap-no.elementor-container > .elementor-row > .elementor-element-09aeb80.hLogin[data-id=\"\\30 9aeb80\"] > .elementor-element-populated.elementor-column-wrap > .elementor-widget-wrap > .elementor-element-7521b85.elementor-widget-html[data-id=\"\\37 521b85\"] > .elementor-widget-container > .hLogForm"]
    Fix any of the following:
      Document has multiple static elements with the same id attribute: hLogForm


  c) [".elementor-sticky--effects > .elementor-column-gap-no.elementor-container > .elementor-row > .elementor-element-80dfe94.elementor-col-100[data-id=\"\\38 0dfe94\"] > .elementor-element-populated.elementor-column-wrap > .elementor-widget-wrap > .elementor-element-e8320e5.elementor-section-content-top[data-id=\"e8320e5\"] > .elementor-column-gap-no.elementor-container > .elementor-row > .elementor-element-09aeb80.hLogin[data-id=\"\\30 9aeb80\"] > .elementor-element-populated.elementor-column-wrap > .elementor-widget-wrap > .elementor-element-7521b85.elementor-widget-html[data-id=\"\\37 521b85\"] > .elementor-widget-container > .hLogForm > form[method=\"post\"][name=\"hLogin\"]"]
    Fix any of the following:
      Document has multiple static elements with the same id attribute: hLogin


  d) [".elementor-sticky--effects > .elementor-column-gap-no.elementor-container > .elementor-row > .elementor-element-80dfe94.elementor-col-100[data-id=\"\\38 0dfe94\"] > .elementor-element-populated.elementor-column-wrap > .elementor-widget-wrap > .elementor-element-e8320e5.elementor-section-content-top[data-id=\"e8320e5\"] > .elementor-column-gap-no.elementor-container > .elementor-row > .elementor-element-75d82a5.elementor-hidden-phone[data-id=\"\\37 5d82a5\"] > .elementor-element-populated.elementor-column-wrap > .elementor-widget-wrap > .elementor-element-7bd160f.elementor-search-form--skin-full_screen.hSearch"]
    Fix any of the following:
      Document has multiple static elements with the same id attribute: headsearch


  e) [".elementor-sticky--effects > .elementor-column-gap-no.elementor-container > .elementor-row > .elementor-element-80dfe94.elementor-col-100[data-id=\"\\38 0dfe94\"] > .elementor-element-populated.elementor-column-wrap > .elementor-widget-wrap > .elementor-element-95540f1.elementor-nav-menu--stretch.elementor-nav-menu__text-align-center"]
    Fix any of the following:
      Document has multiple static elements with the same id attribute: hNavMenu


  f) ["ul[data-smartmenus-id=\"\\31 59780703551964\"]"]
    Fix any of the following:
      Document has multiple static elements with the same id attribute: menu-1-95540f1


  g) ["ul[data-smartmenus-id=\"\\31 597807035528126\"]"]
    Fix any of the following:
      Document has multiple static elements with the same id attribute: menu-2-95540f1


6) Form elements should have a visible label: https://dequeuniversity.com/rules/axe/4.0/label-title-only?application=axeAPI
  a) [".elementor-sticky--effects > .elementor-column-gap-no.elementor-container > .elementor-row > .elementor-element-80dfe94.elementor-col-100[data-id=\"\\38 0dfe94\"] > .elementor-element-populated.elementor-column-wrap > .elementor-widget-wrap > .elementor-element-e8320e5.elementor-section-content-top[data-id=\"e8320e5\"] > .elementor-column-gap-no.elementor-container > .elementor-row > .elementor-element-75d82a5.elementor-hidden-phone[data-id=\"\\37 5d82a5\"] > .elementor-element-populated.elementor-column-wrap > .elementor-widget-wrap > .elementor-element-7bd160f.elementor-search-form--skin-full_screen.hSearch > .elementor-widget-container > .elementor-search-form[role=\"search\"][action=\"https\\:\\/\\/www\\.navori\\.com\"] > .elementor-search-form__container > .elementor-search-form__input[placeholder=\"Search\\.\\.\\.\"][type=\"search\"]"]
    Fix all of the following:
      Only title used to generate label for form element


7) Document must have one main landmark: https://dequeuniversity.com/rules/axe/4.0/landmark-one-main?application=axeAPI
  a) ["html"]
    Fix all of the following:
      Document does not have a main landmark


8) Ensures landmarks are unique: https://dequeuniversity.com/rules/axe/4.0/landmark-unique?application=axeAPI
  a) [".elementor-sticky--effects > .elementor-column-gap-no.elementor-container > .elementor-row > .elementor-element-80dfe94.elementor-col-100[data-id=\"\\38 0dfe94\"] > .elementor-element-populated.elementor-column-wrap > .elementor-widget-wrap > .elementor-element-95540f1.elementor-nav-menu--stretch.elementor-nav-menu__text-align-center > .elementor-widget-container > .e--animation-grow.elementor-nav-menu--main.elementor-nav-menu--layout-horizontal"]
    Fix any of the following:
      The landmark must have a unique aria-label, aria-labelledby, or title to make landmarks distinguishable


  b) [".elementor-element-a1534e1 > .elementor-widget-container > .n2-section-smartslider.fitvidsignore[role=\"region\"]"]
    Fix any of the following:
      The landmark must have a unique aria-label, aria-labelledby, or title to make landmarks distinguishable


9) All page content must be contained by landmarks: https://dequeuniversity.com/rules/axe/4.0/region?application=axeAPI
  a) [".elementor-element-7f2bc5cf"]
    Fix any of the following:
      Some page content is not contained by landmarks


  b) [".elementor-element-b2c621c"]
    Fix any of the following:
      Some page content is not contained by landmarks


  c) [".elementor-element-baf03ae"]
    Fix any of the following:
      Some page content is not contained by landmarks


  d) [".elementor-element-cb31cf9"]
    Fix any of the following:
      Some page content is not contained by landmarks


  e) [".elementor-element-84c1841"]
    Fix any of the following:
      Some page content is not contained by landmarks


  f) [".elementor-element-de982b7"]
    Fix any of the following:
      Some page content is not contained by landmarks


  g) [".elementor-element-dc44cf0"]
    Fix any of the following:
      Some page content is not contained by landmarks


  h) [".elementor-element-7a2e358"]
    Fix any of the following:
      Some page content is not contained by landmarks


  i) [".elementor-element-55056bb"]
    Fix any of the following:
      Some page content is not contained by landmarks


  j) [".elementor-element-367309e7"]
    Fix any of the following:
      Some page content is not contained by landmarks


  k) [".elementor-element-fbccf2e"]
    Fix any of the following:
      Some page content is not contained by landmarks


  l) [".elementor-element-77d697b"]
    Fix any of the following:
      Some page content is not contained by landmarks


  m) [".elementor-element-6b306db"]
    Fix any of the following:
      Some page content is not contained by landmarks


  n) [".swiper-slide-active > a[data-elementor-open-lightbox=\"yes\"][data-elementor-lightbox-slideshow=\"c9bd7b2\"][data-elementor-lightbox-title=\"access_control_videolink\"] > .elementor-carousel-image > .elementor-custom-embed-play > .elementor-screen-only"]
    Fix any of the following:
      Some page content is not contained by landmarks


  o) [".swiper-slide-duplicate-active > a[data-elementor-open-lightbox=\"yes\"][data-elementor-lightbox-slideshow=\"c9bd7b2\"][data-elementor-lightbox-title=\"access_control_videolink\"] > .elementor-carousel-image > .elementor-custom-embed-play > .elementor-screen-only"]
    Fix any of the following:
      Some page content is not contained by landmarks


  p) [".swiper-pagination"]
    Fix any of the following:
      Some page content is not contained by landmarks


  q) [".elementor-swiper-button-prev"]
    Fix any of the following:
      Some page content is not contained by landmarks


  r) [".elementor-swiper-button-next"]
    Fix any of the following:
      Some page content is not contained by landmarks


  s) [".elementor-element-769e6c3"]
    Fix any of the following:
      Some page content is not contained by landmarks


  t) [".elementor-element-183312a"]
    Fix any of the following:
      Some page content is not contained by landmarks


  u) [".elementor-element-d58a4e0"]
    Fix any of the following:
      Some page content is not contained by landmarks


  v) ["#elementor-tab-title-9801"]
    Fix any of the following:
      Some page content is not contained by landmarks


  w) ["#elementor-tab-title-9802"]
    Fix any of the following:
      Some page content is not contained by landmarks


  x) ["#elementor-tab-title-9803"]
    Fix any of the following:
      Some page content is not contained by landmarks


  y) ["#elementor-tab-title-9804"]
    Fix any of the following:
      Some page content is not contained by landmarks


  z) ["#elementor-tab-title-9805"]
    Fix any of the following:
      Some page content is not contained by landmarks


  aa) [".elementor-element-2b95eb9e"]
    Fix any of the following:
      Some page content is not contained by landmarks


  ab) [".elementor-element-58c0fa4"]
    Fix any of the following:
      Some page content is not contained by landmarks


  ac) [".elementor-element-f1c791a"]
    Fix any of the following:
      Some page content is not contained by landmarks


  ad) [".elementor-element-84445fb"]
    Fix any of the following:
      Some page content is not contained by landmarks


10) Elements should not have tabindex greater than zero: https://dequeuniversity.com/rules/axe/4.0/tabindex?application=axeAPI
  a) ["#elementor-tab-title-9801"]
    Fix any of the following:
      Element has a tabindex greater than 0


  b) ["#elementor-tab-title-9802"]
    Fix any of the following:
      Element has a tabindex greater than 0


  c) ["#elementor-tab-title-9803"]
    Fix any of the following:
      Element has a tabindex greater than 0


  d) ["#elementor-tab-title-9804"]
    Fix any of the following:
      Element has a tabindex greater than 0


  e) ["#elementor-tab-title-9805"]
    Fix any of the following:
      Element has a tabindex greater than 0

 expected [true] but found [false]
	at org.testng.Assert.fail(Assert.java:94)
	at org.testng.Assert.failNotEquals(Assert.java:494)
	at org.testng.Assert.assertTrue(Assert.java:42)
	at com.tests.HomePage_Test.setup(HomePage_Test.java:34)
	at sun.reflect.NativeMethodAccessorImpl.invoke0(Native Method)
	at sun.reflect.NativeMethodAccessorImpl.invoke(NativeMethodAccessorImpl.java:62)
	at sun.reflect.DelegatingMethodAccessorImpl.invoke(DelegatingMethodAccessorImpl.java:43)
	at java.lang.reflect.Method.invoke(Method.java:498)
	at org.testng.internal.MethodInvocationHelper.invokeMethod(MethodInvocationHelper.java:80)
	at org.testng.internal.Invoker.invokeConfigurationMethod(Invoker.java:564)
	at org.testng.internal.Invoker.invokeConfigurations(Invoker.java:213)
	at org.testng.internal.Invoker.invokeConfigurations(Invoker.java:138)
	at org.testng.internal.TestMethodWorker.invokeBeforeClassMethods(TestMethodWorker.java:175)
	at org.testng.internal.TestMethodWorker.run(TestMethodWorker.java:107)
	at org.testng.TestRunner.privateRun(TestRunner.java:767)
	at org.testng.TestRunner.run(TestRunner.java:617)
	at org.testng.SuiteRunner.runTest(SuiteRunner.java:334)
	at org.testng.SuiteRunner.runSequentially(SuiteRunner.java:329)
	at org.testng.SuiteRunner.privateRun(SuiteRunner.java:291)
	at org.testng.SuiteRunner.run(SuiteRunner.java:240)
	at org.testng.SuiteRunnerWorker.runSuite(SuiteRunnerWorker.java:52)
	at org.testng.SuiteRunnerWorker.run(SuiteRunnerWorker.java:86)
	at org.testng.TestNG.runSuitesSequentially(TestNG.java:1198)
	at org.testng.TestNG.runSuitesLocally(TestNG.java:1123)
	at org.testng.TestNG.run(TestNG.java:1031)
	at org.testng.remote.AbstractRemoteTestNG.run(AbstractRemoteTestNG.java:115)
	at org.testng.remote.RemoteTestNG.initAndRun(RemoteTestNG.java:251)
	at org.testng.remote.RemoteTestNG.main(RemoteTestNG.java:77)
]]>
            </full-stacktrace>
          </exception> <!-- java.lang.AssertionError -->
          <reporter-output>
          </reporter-output>
        </test-method> <!-- setup -->
        <test-method status="SKIP" signature="firstTest()[pri:0, instance:com.tests.HomePage_Test@4de5031f]" name="firstTest" duration-ms="3" started-at="2020-08-19T08:47:28Z" finished-at="2020-08-19T08:47:28Z">
          <reporter-output>
          </reporter-output>
        </test-method> <!-- firstTest -->
        <test-method status="SKIP" signature="closeBrowser()[pri:0, instance:com.tests.HomePage_Test@4de5031f]" name="closeBrowser" is-config="true" duration-ms="0" started-at="2020-08-19T08:47:28Z" finished-at="2020-08-19T08:47:28Z">
          <reporter-output>
          </reporter-output>
        </test-method> <!-- closeBrowser -->
      </class> <!-- com.tests.HomePage_Test -->
    </test> <!-- Default test -->
  </suite> <!-- Default suite -->
</testng-results>
